<?xml version="1.0" encoding="UTF-8"?>
<!-- Generated by org.testng.reporters.JUnitReportReporter -->
<testsuite hostname="DESKTOP-BAMD39I" name="testcases.TC_001_ValidateLoginFunctionality" tests="5" failures="0" timestamp="4 Jan 2021 05:48:22 GMT" time="36.414" errors="0">
  <testcase name="tc_001_Login_Functionality" time="7.872" classname="testcases.TC_001_ValidateLoginFunctionality"/>
  <testcase name="tc_001_Login_Functionality" time="7.474" classname="testcases.TC_001_ValidateLoginFunctionality"/>
  <testcase name="tc_001_Login_Functionality" time="6.701" classname="testcases.TC_001_ValidateLoginFunctionality"/>
  <testcase name="tc_001_Login_Functionality" time="6.667" classname="testcases.TC_001_ValidateLoginFunctionality"/>
  <testcase name="tc_001_Login_Functionality" time="7.700" classname="testcases.TC_001_ValidateLoginFunctionality"/>
</testsuite> <!-- testcases.TC_001_ValidateLoginFunctionality -->
